<?xml version="1.0" encoding="UTF-8"?>
<testng-results skipped="0" failed="0" total="1" passed="1">
  <reporter-output>
  </reporter-output>
  <suite name="Default suite" duration-ms="10022" started-at="2019-01-08T14:20:15Z" finished-at="2019-01-08T14:20:25Z">
    <groups>
    </groups>
    <test name="Default test" duration-ms="10022" started-at="2019-01-08T14:20:15Z" finished-at="2019-01-08T14:20:25Z">
      <class name="com.w2a.test.LoginTest">
        <test-method status="PASS" signature="setup()[pri:0, instance:com.w2a.test.LoginTest@490ab905]" name="setup" is-config="true" duration-ms="5197" started-at="2019-01-08T19:50:10Z" finished-at="2019-01-08T19:50:15Z">
          <reporter-output>
          </reporter-output>
        </test-method> <!-- setup -->
        <test-method status="PASS" signature="doLogin()[pri:0, instance:com.w2a.test.LoginTest@490ab905]" name="doLogin" duration-ms="10013" started-at="2019-01-08T19:50:15Z" finished-at="2019-01-08T19:50:25Z">
          <reporter-output>
          </reporter-output>
        </test-method> <!-- doLogin -->
      </class> <!-- com.w2a.test.LoginTest -->
    </test> <!-- Default test -->
  </suite> <!-- Default suite -->
</testng-results>
